<?xml version="1.0" encoding="UTF-8"?>
<!-- Generated by org.testng.reporters.JUnitReportReporter -->
<testsuite hostname="Kens-MacBook-Air.local" name="tests.EmailSubscriptionTest" tests="1" failures="0" timestamp="21 Mar 2018 13:26:33 GMT" time="9.345" errors="0">
  <testcase name="emailSubscriptionTest" time="9.345" classname="tests.EmailSubscriptionTest"/>
</testsuite> <!-- tests.EmailSubscriptionTest -->
