<?xml version="1.0" encoding="UTF-8"?>
<!-- Generated by org.testng.reporters.JUnitReportReporter -->
<testsuite hostname="Kens-MacBook-Air.local" name="tests.LoginTest" tests="1" failures="0" timestamp="21 Mar 2018 13:26:28 GMT" time="4.386" errors="0">
  <testcase name="loginTest" time="4.386" classname="tests.LoginTest"/>
</testsuite> <!-- tests.LoginTest -->
